1
36
.787197
.762861
.0243365
3.09154

2
9
.0433762
.0424539
.000922303
2.12629

3
41
.0527805
.0514948
.00128571
2.43596

4
10
.0969441
.0910616
.00588257
6.068

5
28
2.61327
2.23569
.37758
14.4485

6
5
.00966171
.00926768
.000394032
4.07829

7
22
.0827424
.0809077
.00183465
2.2173

8
44
3.76512
3.29188
.473239
12.569

9
47
.0688476
.0633407
.00550694
7.99873

10
31
9.51384
6.96878
2.54506
26.7512

11
50
77.0806
48.4675
28.6131
37.121

12
27
.624085
.553312
.0707723
11.3402

13
4
.0242487
.0228103
.00143849
5.93221

14
42
.0189015
.0175339
.00136761
7.23543

15
38
1730.63
1203.52
527.108
30.4575

16
40
.128013
.124448
.00356533
2.78512

17
41
.2178
.185955
.0318445
14.621

18
14
.150287
.145589
.00469879
3.12654

19
48
2.80771
2.02652
.78119
27.823

20
7
.00386481
.00365697
.000207834
5.37761

21
48
80.9932
57.1085
23.8848
29.4898

22
37
2.4078
1.69359
.714219
29.6627

23
21
.0556672
.0467993
.00886789
15.9302

24
40
4.7694
3.82328
.946116
19.8372

25
4
.0118491
.0109867
.000862345
7.27775

26
11
.00452358
.00490524
-.000381663
-8.4372

27
20
.33807
.324636
.0134349
3.97399

28
13
.0645422
.0548022
.00974
15.0909

29
7
.00572931
.00494757
.00078174
13.6446

30
40
16.9963
11.43
5.56635
32.7502

31
33
.188112
.190044
-.00193221
-1.02716

32
13
.312875
.279259
.0336155
10.7441

33
47
19.3127
11.8399
7.47285
38.694

34
46
.0549588
.0518451
.00311372
5.66556

35
28
.405351
.385776
.0195754
4.82926

36
48
17.4256
12.5832
4.84239
27.789

37
6
.018942
.0199113
-.00096931
-5.11725

38
22
.514879
.503706
.0111722
2.16987

39
42
.0167225
.0154283
.0012942
7.73927

40
12
.0968066
.0952925
.00151411
1.56406

41
24
.898824
.799039
.0997842
11.1016

42
8
.00995657
.0105441
-.000587528
-5.9009

43
4
.00533023
.00537584
-.0000456049
-.85559

44
38
1.05503
1.12466
-.069628
-6.59963

45
9
.00430431
.00447262
-.000168315
-3.91038

46
32
3.74741
3.07572
.671695
17.9242

47
13
.00869555
.00830277
.000392779
4.51701

48
23
.629672
.601147
.0285253
4.53019

49
49
.0355994
.0400334
-.00443394
-12.4551

50
40
2.56848
2.1355
.432984
16.8576

51
41
.0506561
.0535886
-.0029325
-5.78904

52
43
.500981
.482846
.0181346
3.61982

53
36
1.60995
1.41039
.199564
12.3957

54
32
.246981
.253981
-.00699982
-2.83415

55
45
4.59293
2.5135
2.07943
45.2746

56
34
.235692
.198662
.0370303
15.7113

57
46
.45784
.424065
.0337747
7.37696

58
31
1.48382
1.11596
.367868
24.7919

59
6
.0108357
.0103768
.000458861
4.23472

60
8
.00617055
.00649318
-.000322631
-5.22855

61
19
.00458716
.00418268
.000404476
8.81757

62
48
6.76358
5.25318
1.51039
22.3313

63
51
.663786
.586704
.0770817
11.6124

64
49
2.9539
2.29821
.655688
22.1973

65
20
.0662914
.0589606
.00733074
11.0584

66
15
.173665
.171793
.00187206
1.07797

67
36
.031751
.0277555
.00399554
12.584

68
47
70.2293
28.6311
41.5982
59.2319

69
26
1.18179
1.09185
.089938
7.61032

70
24
.205408
.214372
-.0089638
-4.3639

71
29
1.70758
1.01224
.695343
40.7209

72
51
8.1534
5.86558
2.28781
28.0596

73
4
.00544369
.00561651
-.000172813
-3.17455

74
42
118.741
57.5968
61.1444
51.4938

75
16
.0185286
.017193
.00133566
7.20864

76
20
.0421899
.0421096
.0000802778
.190277

77
3
.00292268
.00304233
-.000119651
-4.09389

78
12
.557058
.46914
.0879183
15.7826

79
19
.0434759
.0384936
.00498231
11.4599

80
49
8.03098
4.63118
3.39979
42.3335

81
35
.303675
.289746
.0139296
4.58699

82
37
.517705
.518501
-.000795868
-.15373

83
39
4.90876
3.80547
1.10328
22.4758

84
52
2.83284
2.17189
.66095
23.3317

85
30
.247546
.235453
.0120928
4.88509

86
13
.0187287
.0182468
.000481927
2.5732

87
25
1.10978
.8766
.233181
21.0114

88
33
.244869
.236034
.00883425
3.60775

89
31
.0666522
.0594923
.00715991
10.7422

90
4
.00451615
.00437722
.000138929
3.07627

91
25
.0103396
.0107168
-.000377108
-3.64721

92
13
.038565
.0381314
.000433611
1.12437

93
6
.0048121
.00488634
-.0000742401
-1.54278

94
39
1.07282
.878577
.194241
18.1057

95
30
7.82234
5.7848
2.03754
26.0477

96
45
.726059
.604129
.12193
16.7934

97
48
.114355
.109679
.00467628
4.08927

98
42
10.0169
6.90471
3.11214
31.069

99
51
.313543
.243724
.0698187
22.2677

100
35
3.3838
2.86143
.522367
15.4373

